

Microchip Technology PIC18 LITE Macro Assembler V1.34 build -361300703 
                                                                                               Thu Apr 20 11:14:58 2017

Microchip Technology Omniscient Code Generator (Lite mode) build 201502162209
     1                           	processor	18F4520
     2                           	fnconf	rparam,??,?,0
     3                           	opt	pw 120
     4                           	opt	lm
     5                           	psect	smallconst,global,reloc=2,class=SMALLCONST,delta=1
     6                           	psect	cinit,global,reloc=2,class=CODE,delta=1
     7                           	psect	cstackCOMRAM,global,class=COMRAM,space=1,delta=1
     8                           	psect	text0,global,reloc=2,class=CODE,delta=1
     9                           	psect	text1,global,reloc=2,class=CODE,delta=1
    10                           	psect	text2,global,reloc=2,class=CODE,delta=1
    11                           	psect	text3,global,reloc=2,class=CODE,delta=1
    12                           	psect	text4,global,reloc=2,class=CODE,delta=1
    13                           	psect	text5,global,reloc=2,class=CODE,delta=1
    14                           	psect	text6,global,reloc=2,class=CODE,delta=1
    15                           	psect	text7,global,reloc=2,class=CODE,delta=1
    16                           	psect	text8,global,reloc=2,class=CODE,delta=1
    17                           	psect	text9,global,reloc=2,class=CODE,delta=1
    18                           	psect	text10,global,reloc=2,class=CODE,delta=1
    19                           	psect	text11,global,reloc=2,class=CODE,delta=1
    20                           	psect	intsave_regs,global,class=BIGRAM,space=1,delta=1
    21                           	psect	rparam,global,class=COMRAM,space=1,delta=1
    22  0000                     _INTCON2bits	set	4081
    23  0000                     _LATCbits	set	3979
    24  0000                     _PORTB	set	3969
    25  0000                     _PORTD	set	3971
    26  0000                     _TRISA	set	3986
    27  0000                     _TRISB	set	3987
    28  0000                     _TRISC	set	3988
    29  0000                     _TRISCbits	set	3988
    30  0000                     _TRISD	set	3989
    31  0000                     _TRISE	set	3990
    32                           
    33                           	psect	smallconst
    34  000600                     __psmallconst:
    35                           	opt stack 0
    36  000600  00                 	db	0
    37  000601                     STR_5:
    38  000601  33                 	db	51	;'3'
    39  000602  2E                 	db	46
    40  000603  43                 	db	67	;'C'
    41  000604  41                 	db	65	;'A'
    42  000605  46                 	db	70	;'F'
    43  000606  45                 	db	69	;'E'
    44  000607  20                 	db	32
    45  000608  43                 	db	67	;'C'
    46  000609  4F                 	db	79	;'O'
    47  00060A  4D                 	db	77	;'M'
    48  00060B  20                 	db	32
    49  00060C  4C                 	db	76	;'L'
    50  00060D  45                 	db	69	;'E'
    51  00060E  49                 	db	73	;'I'
    52  00060F  54                 	db	84	;'T'
    53  000610  45                 	db	69	;'E'
    54  000611  00                 	db	0
    55  000612                     STR_1:
    56  000612  31                 	db	49	;'1'
    57  000613  2E                 	db	46
    58  000614  43                 	db	67	;'C'
    59  000615  48                 	db	72	;'H'
    60  000616  4F                 	db	79	;'O'
    61  000617  43                 	db	67	;'C'
    62  000618  4F                 	db	79	;'O'
    63  000619  4C                 	db	76	;'L'
    64  00061A  41                 	db	65	;'A'
    65  00061B  54                 	db	84	;'T'
    66  00061C  45                 	db	69	;'E'
    67  00061D  00                 	db	0
    68  00061E                     STR_3:
    69  00061E  32                 	db	50	;'2'
    70  00061F  2E                 	db	46
    71  000620  43                 	db	67	;'C'
    72  000621  48                 	db	72	;'H'
    73  000622  4F                 	db	79	;'O'
    74  000623  43                 	db	67	;'C'
    75  000624  4F                 	db	79	;'O'
    76  000625  4C                 	db	76	;'L'
    77  000626  41                 	db	65	;'A'
    78  000627  54                 	db	84	;'T'
    79  000628  45                 	db	69	;'E'
    80  000629  00                 	db	0
    81  00062A                     STR_9:
    82  00062A  35                 	db	53	;'5'
    83  00062B  2E                 	db	46
    84  00062C  50                 	db	80	;'P'
    85  00062D  49                 	db	73	;'I'
    86  00062E  4E                 	db	78	;'N'
    87  00062F  47                 	db	71	;'G'
    88  000630  41                 	db	65	;'A'
    89  000631  44                 	db	68	;'D'
    90  000632  4F                 	db	79	;'O'
    91  000633  00                 	db	0
    92  000634                     STR_2:
    93  000634  3C                 	db	60	;'<'
    94  000635  20                 	db	32
    95  000636  2E                 	db	46
    96  000637  2E                 	db	46
    97  000638  2E                 	db	46
    98  000639  20                 	db	32
    99  00063A  3E                 	db	62	;'>'
   100  00063B  00                 	db	0
   101  00063C                     STR_7:
   102  00063C  34                 	db	52	;'4'
   103  00063D  2E                 	db	46
   104  00063E  43                 	db	67	;'C'
   105  00063F  48                 	db	72	;'H'
   106  000640  41                 	db	65	;'A'
   107  000641  00                 	db	0
   108  000642                     STR_8:
   109  000642  64                 	db	100	;'d'
   110  000643  6B                 	db	107	;'k'
   111  000644  6A                 	db	106	;'j'
   112  000645  66                 	db	102	;'f'
   113  000646  73                 	db	115	;'s'
   114  000647  00                 	db	0
   115  0000                     
   116                           ; #config settings
   117  000648  00                 	db	0	; dummy byte at the end
   118  0000                     
   119                           	psect	cinit
   120  000A4C                     __pcinit:
   121                           	opt stack 0
   122  000A4C                     start_initialization:
   123                           	opt stack 0
   124  000A4C                     __initialization:
   125                           	opt stack 0
   126  000A4C                     end_of_initialization:
   127                           	opt stack 0
   128  000A4C                     __end_of__initialization:
   129                           	opt stack 0
   130  000A4C  0E00               	movlw	low (__Lsmallconst shr (0+16))
   131  000A4E  6EF8               	movwf	tblptru,c
   132  000A50  0E06               	movlw	high __Lsmallconst
   133  000A52  6EF7               	movwf	tblptrh,c
   134  000A54  0100               	movlb	0
   135  000A56  EF25  F003         	goto	_main	;jump to C main() function
   136                           tblptru	equ	0xFF8
   137                           tblptrh	equ	0xFF7
   138                           
   139                           	psect	cstackCOMRAM
   140  000001                     __pcstackCOMRAM:
   141                           	opt stack 0
   142  000001                     ??_DelayPORXLCD:
   143  000001                     ??_Delay10KTCYx:
   144  000001                     ??_delay:
   145  000001                     DelayFor18TCY@i:
   146                           	opt stack 0
   147                           
   148                           ; 2 bytes @ 0x0
   149  000001                     	ds	1
   150  000002                     Delay10KTCYx@unit:
   151                           	opt stack 0
   152                           
   153                           ; 1 bytes @ 0x1
   154  000002                     	ds	1
   155  000003                     ??_SetDDRamAddr:
   156  000003                     WriteCmdXLCD@cmd:
   157                           	opt stack 0
   158  000003                     WriteDataXLCD@data:
   159                           	opt stack 0
   160                           
   161                           ; 1 bytes @ 0x2
   162  000003                     	ds	1
   163  000004                     putsXLCD@buffer:
   164                           	opt stack 0
   165                           
   166                           ; 2 bytes @ 0x3
   167  000004                     	ds	2
   168  000006                     SetDDRamAddr@DDaddr:
   169                           	opt stack 0
   170                           
   171                           ; 1 bytes @ 0x5
   172  000006                     	ds	1
   173  000007                     OpenXLCD@lcdtype:
   174                           	opt stack 0
   175                           
   176                           ; 1 bytes @ 0x6
   177  000007                     	ds	1
   178  000008                     main@select:
   179                           	opt stack 0
   180                           
   181                           ; 2 bytes @ 0x7
   182  000008                     	ds	2
   183                           tblptru	equ	0xFF8
   184                           tblptrh	equ	0xFF7
   185                           
   186 ;;
   187 ;;Main: autosize = 0, tempsize = 0, incstack = 0, save=0
   188 ;;
   189 ;; *************** function _main *****************
   190 ;; Defined at:
   191 ;;		line 62 in file "main.c"
   192 ;; Parameters:    Size  Location     Type
   193 ;;		None
   194 ;; Auto vars:     Size  Location     Type
   195 ;;  select          2    7[COMRAM] int 
   196 ;; Return value:  Size  Location     Type
   197 ;;		None               void
   198 ;; Registers used:
   199 ;;		wreg, status,2, status,0, tblptrl, tblptrh, tblptru, cstack
   200 ;; Tracked objects:
   201 ;;		On entry : 0/0
   202 ;;		On exit  : 0/0
   203 ;;		Unchanged: 0/0
   204 ;; Data sizes:     COMRAM   BANK0   BANK1   BANK2   BANK3   BANK4   BANK5
   205 ;;      Params:         0       0       0       0       0       0       0
   206 ;;      Locals:         2       0       0       0       0       0       0
   207 ;;      Temps:          0       0       0       0       0       0       0
   208 ;;      Totals:         2       0       0       0       0       0       0
   209 ;;Total ram usage:        2 bytes
   210 ;; Hardware stack levels required when called:    4
   211 ;; This function calls:
   212 ;;		_InitializeLCD
   213 ;;		_WriteCmdXLCD
   214 ;;		_delay
   215 ;;		_putsXLCD
   216 ;; This function is called by:
   217 ;;		Startup code after reset
   218 ;; This function uses a non-reentrant model
   219 ;;
   220                           
   221                           	psect	text0
   222  00064A                     __ptext0:
   223                           	opt stack 0
   224  00064A                     _main:
   225                           	opt stack 27
   226                           
   227                           ;main.c: 64: int select;
   228                           ;main.c: 68: select = 4;
   229                           
   230                           ;incstack = 0
   231  00064A  0E00               	movlw	0
   232  00064C  6E09               	movwf	main@select+1,c
   233  00064E  0E04               	movlw	4
   234  000650  6E08               	movwf	main@select,c
   235                           
   236                           ;main.c: 70: if (select == 1)
   237  000652  0408               	decf	main@select,w,c
   238  000654  1009               	iorwf	main@select+1,w,c
   239  000656  A4D8               	btfss	status,2,c
   240  000658  D01D               	goto	l1222
   241                           
   242                           ;main.c: 71: {
   243                           ;main.c: 73: WriteCmdXLCD(0x01);
   244  00065A  0E01               	movlw	1
   245  00065C  EC99  F004         	call	_WriteCmdXLCD
   246                           
   247                           ;main.c: 75: delay();
   248  000660  ECD5  F004         	call	_delay	;wreg free
   249                           
   250                           ;main.c: 77: InitializeLCD();
   251  000664  EC01  F005         	call	_InitializeLCD	;wreg free
   252                           
   253                           ;main.c: 78: WriteCmdXLCD(0x80);
   254  000668  0E80               	movlw	128
   255  00066A  EC99  F004         	call	_WriteCmdXLCD
   256                           
   257                           ;main.c: 79: putsXLCD("1.CHOCOLATE");
   258  00066E  0E12               	movlw	low STR_1
   259  000670  6E04               	movwf	putsXLCD@buffer,c
   260  000672  0E06               	movlw	high STR_1
   261  000674  6E05               	movwf	putsXLCD@buffer+1,c
   262  000676  ECB9  F004         	call	_putsXLCD	;wreg free
   263                           
   264                           ;main.c: 80: WriteCmdXLCD(0xC0);
   265  00067A  0EC0               	movlw	192
   266  00067C  EC99  F004         	call	_WriteCmdXLCD
   267                           
   268                           ;main.c: 81: delay();
   269  000680  ECD5  F004         	call	_delay	;wreg free
   270                           
   271                           ;main.c: 82: putsXLCD("< ... >");
   272  000684  0E34               	movlw	low STR_2
   273  000686  6E04               	movwf	putsXLCD@buffer,c
   274  000688  0E06               	movlw	high STR_2
   275  00068A  6E05               	movwf	putsXLCD@buffer+1,c
   276  00068C  ECB9  F004         	call	_putsXLCD	;wreg free
   277  000690  D7FF               	goto	l195
   278  000692  D000               	goto	l1222
   279  000694                     l1222:
   280                           
   281                           ;main.c: 85: }
   282                           ;main.c: 87: if (select == 2)
   283  000694  0E02               	movlw	2
   284  000696  1808               	xorwf	main@select,w,c
   285  000698  1009               	iorwf	main@select+1,w,c
   286  00069A  A4D8               	btfss	status,2,c
   287  00069C  D01D               	goto	l1238
   288                           
   289                           ;main.c: 88: {
   290                           ;main.c: 90: WriteCmdXLCD(0x01);
   291  00069E  0E01               	movlw	1
   292  0006A0  EC99  F004         	call	_WriteCmdXLCD
   293                           
   294                           ;main.c: 92: delay();
   295  0006A4  ECD5  F004         	call	_delay	;wreg free
   296                           
   297                           ;main.c: 94: InitializeLCD();
   298  0006A8  EC01  F005         	call	_InitializeLCD	;wreg free
   299                           
   300                           ;main.c: 95: WriteCmdXLCD(0x80);
   301  0006AC  0E80               	movlw	128
   302  0006AE  EC99  F004         	call	_WriteCmdXLCD
   303                           
   304                           ;main.c: 96: putsXLCD("2.CHOCOLATE");
   305  0006B2  0E1E               	movlw	low STR_3
   306  0006B4  6E04               	movwf	putsXLCD@buffer,c
   307  0006B6  0E06               	movlw	high STR_3
   308  0006B8  6E05               	movwf	putsXLCD@buffer+1,c
   309  0006BA  ECB9  F004         	call	_putsXLCD	;wreg free
   310                           
   311                           ;main.c: 97: WriteCmdXLCD(0xC0);
   312  0006BE  0EC0               	movlw	192
   313  0006C0  EC99  F004         	call	_WriteCmdXLCD
   314                           
   315                           ;main.c: 98: delay();
   316  0006C4  ECD5  F004         	call	_delay	;wreg free
   317                           
   318                           ;main.c: 99: putsXLCD("< ... >");
   319  0006C8  0E34               	movlw	low STR_2
   320  0006CA  6E04               	movwf	putsXLCD@buffer,c
   321  0006CC  0E06               	movlw	high STR_2
   322  0006CE  6E05               	movwf	putsXLCD@buffer+1,c
   323  0006D0  ECB9  F004         	call	_putsXLCD	;wreg free
   324  0006D4  D7FF               	goto	l199
   325  0006D6  D000               	goto	l1238
   326  0006D8                     l1238:
   327                           
   328                           ;main.c: 102: }
   329                           ;main.c: 104: if (select == 3)
   330  0006D8  0E03               	movlw	3
   331  0006DA  1808               	xorwf	main@select,w,c
   332  0006DC  1009               	iorwf	main@select+1,w,c
   333  0006DE  A4D8               	btfss	status,2,c
   334  0006E0  D01D               	goto	l1254
   335                           
   336                           ;main.c: 105: {
   337                           ;main.c: 107: WriteCmdXLCD(0x01);
   338  0006E2  0E01               	movlw	1
   339  0006E4  EC99  F004         	call	_WriteCmdXLCD
   340                           
   341                           ;main.c: 109: delay();
   342  0006E8  ECD5  F004         	call	_delay	;wreg free
   343                           
   344                           ;main.c: 111: InitializeLCD();
   345  0006EC  EC01  F005         	call	_InitializeLCD	;wreg free
   346                           
   347                           ;main.c: 112: WriteCmdXLCD(0x80);
   348  0006F0  0E80               	movlw	128
   349  0006F2  EC99  F004         	call	_WriteCmdXLCD
   350                           
   351                           ;main.c: 113: putsXLCD("3.CAFE COM LEITE");
   352  0006F6  0E01               	movlw	low STR_5
   353  0006F8  6E04               	movwf	putsXLCD@buffer,c
   354  0006FA  0E06               	movlw	high STR_5
   355  0006FC  6E05               	movwf	putsXLCD@buffer+1,c
   356  0006FE  ECB9  F004         	call	_putsXLCD	;wreg free
   357                           
   358                           ;main.c: 114: WriteCmdXLCD(0xC0);
   359  000702  0EC0               	movlw	192
   360  000704  EC99  F004         	call	_WriteCmdXLCD
   361                           
   362                           ;main.c: 115: delay();
   363  000708  ECD5  F004         	call	_delay	;wreg free
   364                           
   365                           ;main.c: 116: putsXLCD("< ... >");
   366  00070C  0E34               	movlw	low STR_2
   367  00070E  6E04               	movwf	putsXLCD@buffer,c
   368  000710  0E06               	movlw	high STR_2
   369  000712  6E05               	movwf	putsXLCD@buffer+1,c
   370  000714  ECB9  F004         	call	_putsXLCD	;wreg free
   371  000718  D7FF               	goto	l203
   372  00071A  D000               	goto	l1254
   373  00071C                     l1254:
   374                           
   375                           ;main.c: 119: }
   376                           ;main.c: 121: if (select == 4)
   377  00071C  0E04               	movlw	4
   378  00071E  1808               	xorwf	main@select,w,c
   379  000720  1009               	iorwf	main@select+1,w,c
   380  000722  A4D8               	btfss	status,2,c
   381  000724  D015               	goto	l1266
   382                           
   383                           ;main.c: 122: {
   384                           ;main.c: 124: delay();
   385  000726  ECD5  F004         	call	_delay	;wreg free
   386                           
   387                           ;main.c: 126: InitializeLCD();
   388  00072A  EC01  F005         	call	_InitializeLCD	;wreg free
   389                           
   390                           ;main.c: 127: putsXLCD("4.CHA");
   391  00072E  0E3C               	movlw	low STR_7
   392  000730  6E04               	movwf	putsXLCD@buffer,c
   393  000732  0E06               	movlw	high STR_7
   394  000734  6E05               	movwf	putsXLCD@buffer+1,c
   395  000736  ECB9  F004         	call	_putsXLCD	;wreg free
   396                           
   397                           ;main.c: 128: WriteCmdXLCD(0xC1);
   398  00073A  0EC1               	movlw	193
   399  00073C  EC99  F004         	call	_WriteCmdXLCD
   400                           
   401                           ;main.c: 129: putsXLCD("dkjfs");
   402  000740  0E42               	movlw	low STR_8
   403  000742  6E04               	movwf	putsXLCD@buffer,c
   404  000744  0E06               	movlw	high STR_8
   405  000746  6E05               	movwf	putsXLCD@buffer+1,c
   406  000748  ECB9  F004         	call	_putsXLCD	;wreg free
   407  00074C  D7FF               	goto	l207
   408  00074E  D000               	goto	l1266
   409  000750                     l1266:
   410                           
   411                           ;main.c: 132: }
   412                           ;main.c: 135: if (select == 5)
   413  000750  0E05               	movlw	5
   414  000752  1808               	xorwf	main@select,w,c
   415  000754  1009               	iorwf	main@select+1,w,c
   416  000756  A4D8               	btfss	status,2,c
   417  000758  EF00  F000         	goto	start
   418                           
   419                           ;main.c: 136: {
   420                           ;main.c: 138: WriteCmdXLCD(0x01);
   421  00075C  0E01               	movlw	1
   422  00075E  EC99  F004         	call	_WriteCmdXLCD
   423                           
   424                           ;main.c: 140: delay();
   425  000762  ECD5  F004         	call	_delay	;wreg free
   426                           
   427                           ;main.c: 142: InitializeLCD();
   428  000766  EC01  F005         	call	_InitializeLCD	;wreg free
   429                           
   430                           ;main.c: 143: WriteCmdXLCD(0x80);
   431  00076A  0E80               	movlw	128
   432  00076C  EC99  F004         	call	_WriteCmdXLCD
   433                           
   434                           ;main.c: 144: putsXLCD("5.PINGADO");
   435  000770  0E2A               	movlw	low STR_9
   436  000772  6E04               	movwf	putsXLCD@buffer,c
   437  000774  0E06               	movlw	high STR_9
   438  000776  6E05               	movwf	putsXLCD@buffer+1,c
   439  000778  ECB9  F004         	call	_putsXLCD	;wreg free
   440                           
   441                           ;main.c: 145: WriteCmdXLCD(0xC0);
   442  00077C  0EC0               	movlw	192
   443  00077E  EC99  F004         	call	_WriteCmdXLCD
   444                           
   445                           ;main.c: 146: delay();
   446  000782  ECD5  F004         	call	_delay	;wreg free
   447                           
   448                           ;main.c: 147: putsXLCD("< ... >");
   449  000786  0E34               	movlw	low STR_2
   450  000788  6E04               	movwf	putsXLCD@buffer,c
   451  00078A  0E06               	movlw	high STR_2
   452  00078C  6E05               	movwf	putsXLCD@buffer+1,c
   453  00078E  ECB9  F004         	call	_putsXLCD	;wreg free
   454  000792  D7FF               	goto	l211
   455                           
   456                           ;main.c: 150: }
   457                           ;main.c: 162: return;
   458  000794  EF00  F000         	goto	start
   459  000798                     __end_of_main:
   460                           	opt stack 0
   461                           tblptru	equ	0xFF8
   462                           tblptrh	equ	0xFF7
   463                           status	equ	0xFD8
   464                           
   465 ;; *************** function _putsXLCD *****************
   466 ;; Defined at:
   467 ;;		line 16 in file "XLCD/putsxlcd.c"
   468 ;; Parameters:    Size  Location     Type
   469 ;;  buffer          2    3[COMRAM] PTR unsigned char 
   470 ;;		 -> STR_10(8), STR_9(10), STR_8(6), STR_7(6), 
   471 ;;		 -> STR_6(8), STR_5(17), STR_4(8), STR_3(12), 
   472 ;;		 -> STR_2(8), STR_1(12), 
   473 ;; Auto vars:     Size  Location     Type
   474 ;;		None
   475 ;; Return value:  Size  Location     Type
   476 ;;		None               void
   477 ;; Registers used:
   478 ;;		wreg, status,2, status,0, tblptrl, tblptrh, tblptru, cstack
   479 ;; Tracked objects:
   480 ;;		On entry : 0/0
   481 ;;		On exit  : 0/0
   482 ;;		Unchanged: 0/0
   483 ;; Data sizes:     COMRAM   BANK0   BANK1   BANK2   BANK3   BANK4   BANK5
   484 ;;      Params:         2       0       0       0       0       0       0
   485 ;;      Locals:         0       0       0       0       0       0       0
   486 ;;      Temps:          0       0       0       0       0       0       0
   487 ;;      Totals:         2       0       0       0       0       0       0
   488 ;;Total ram usage:        2 bytes
   489 ;; Hardware stack levels used:    1
   490 ;; Hardware stack levels required when called:    2
   491 ;; This function calls:
   492 ;;		_BusyXLCD
   493 ;;		_WriteDataXLCD
   494 ;; This function is called by:
   495 ;;		_main
   496 ;; This function uses a non-reentrant model
   497 ;;
   498                           
   499                           	psect	text1
   500  000972                     __ptext1:
   501                           	opt stack 0
   502  000972                     _putsXLCD:
   503                           	opt stack 28
   504                           
   505                           ;putsxlcd.c: 18: while(*buffer)
   506                           
   507                           ;incstack = 0
   508  000972  D011               	goto	l1202
   509                           
   510                           ;putsxlcd.c: 19: {
   511                           ;putsxlcd.c: 20: while(BusyXLCD());
   512  000974  D000               	goto	l1196
   513  000976                     l1196:
   514  000976  EC51  F004         	call	_BusyXLCD	;wreg free
   515  00097A  0900               	iorlw	0
   516  00097C  A4D8               	btfss	status,2,c
   517  00097E  D7FB               	goto	l1196
   518                           
   519                           ;putsxlcd.c: 21: WriteDataXLCD(*buffer);
   520  000980  C004  FFF6         	movff	putsXLCD@buffer,tblptrl
   521  000984  C005  FFF7         	movff	putsXLCD@buffer+1,tblptrh
   522  000988                     	if	0	;tblptru may be non-zero
   523  000988                     	endif
   524  000988                     	if	0	;tblptru may be non-zero
   525  000988                     	endif
   526  000988  0008               	tblrd		*
   527  00098A  50F5               	movf	tablat,w,c
   528  00098C  EC79  F004         	call	_WriteDataXLCD
   529                           
   530                           ;putsxlcd.c: 22: buffer++;
   531  000990  4A04               	infsnz	putsXLCD@buffer,f,c
   532  000992  2A05               	incf	putsXLCD@buffer+1,f,c
   533  000994  D000               	goto	l1202
   534  000996                     l1202:
   535  000996  C004  FFF6         	movff	putsXLCD@buffer,tblptrl
   536  00099A  C005  FFF7         	movff	putsXLCD@buffer+1,tblptrh
   537  00099E                     	if	0	;tblptru may be non-zero
   538  00099E                     	endif
   539  00099E                     	if	0	;tblptru may be non-zero
   540  00099E                     	endif
   541  00099E  0008               	tblrd		*
   542  0009A0  50F5               	movf	tablat,w,c
   543  0009A2  0900               	iorlw	0
   544  0009A4  A4D8               	btfss	status,2,c
   545  0009A6  D7E7               	goto	l1196
   546                           
   547                           ;putsxlcd.c: 23: }
   548                           ;putsxlcd.c: 24: return;
   549  0009A8  0012               	return		;funcret
   550  0009AA                     __end_of_putsXLCD:
   551                           	opt stack 0
   552                           tblptru	equ	0xFF8
   553                           tblptrh	equ	0xFF7
   554                           tblptrl	equ	0xFF6
   555                           tablat	equ	0xFF5
   556                           status	equ	0xFD8
   557                           
   558 ;; *************** function _WriteDataXLCD *****************
   559 ;; Defined at:
   560 ;;		line 16 in file "XLCD/writdata.c"
   561 ;; Parameters:    Size  Location     Type
   562 ;;  data            1    wreg     unsigned char 
   563 ;; Auto vars:     Size  Location     Type
   564 ;;  data            1    2[COMRAM] unsigned char 
   565 ;; Return value:  Size  Location     Type
   566 ;;		None               void
   567 ;; Registers used:
   568 ;;		wreg, status,2, status,0, cstack
   569 ;; Tracked objects:
   570 ;;		On entry : 0/0
   571 ;;		On exit  : 0/0
   572 ;;		Unchanged: 0/0
   573 ;; Data sizes:     COMRAM   BANK0   BANK1   BANK2   BANK3   BANK4   BANK5
   574 ;;      Params:         0       0       0       0       0       0       0
   575 ;;      Locals:         1       0       0       0       0       0       0
   576 ;;      Temps:          0       0       0       0       0       0       0
   577 ;;      Totals:         1       0       0       0       0       0       0
   578 ;;Total ram usage:        1 bytes
   579 ;; Hardware stack levels used:    1
   580 ;; Hardware stack levels required when called:    1
   581 ;; This function calls:
   582 ;;		_DelayFor18TCY
   583 ;; This function is called by:
   584 ;;		_putsXLCD
   585 ;;		_putrsXLCD
   586 ;; This function uses a non-reentrant model
   587 ;;
   588                           
   589                           	psect	text2
   590  0008F2                     __ptext2:
   591                           	opt stack 0
   592  0008F2                     _WriteDataXLCD:
   593                           	opt stack 28
   594                           
   595                           ;incstack = 0
   596                           ;WriteDataXLCD@data stored from wreg
   597  0008F2  6E03               	movwf	WriteDataXLCD@data,c
   598                           
   599                           ;writdata.c: 35: TRISD &= 0xf0;
   600  0008F4  0EF0               	movlw	240
   601  0008F6  1695               	andwf	3989,f,c	;volatile
   602                           
   603                           ;writdata.c: 36: PORTD &= 0xf0;
   604  0008F8  0EF0               	movlw	240
   605  0008FA  1683               	andwf	3971,f,c	;volatile
   606                           
   607                           ;writdata.c: 37: PORTD |= ((data>>4)&0x0f);
   608  0008FC  3803               	swapf	WriteDataXLCD@data,w,c
   609  0008FE  0B0F               	andlw	15
   610  000900  0B0F               	andlw	15
   611  000902  1283               	iorwf	3971,f,c	;volatile
   612                           
   613                           ;writdata.c: 39: LATCbits.LATC0 = 1;
   614  000904  808B               	bsf	3979,0,c	;volatile
   615                           
   616                           ;writdata.c: 40: LATCbits.LATC2 = 0;
   617  000906  948B               	bcf	3979,2,c	;volatile
   618                           
   619                           ;writdata.c: 41: DelayFor18TCY();
   620  000908  ECEE  F004         	call	_DelayFor18TCY	;wreg free
   621                           
   622                           ;writdata.c: 42: LATCbits.LATC1 = 1;
   623  00090C  828B               	bsf	3979,1,c	;volatile
   624                           
   625                           ;writdata.c: 43: DelayFor18TCY();
   626  00090E  ECEE  F004         	call	_DelayFor18TCY	;wreg free
   627                           
   628                           ;writdata.c: 44: LATCbits.LATC1 = 0;
   629  000912  928B               	bcf	3979,1,c	;volatile
   630                           
   631                           ;writdata.c: 49: PORTD &= 0xf0;
   632  000914  0EF0               	movlw	240
   633  000916  1683               	andwf	3971,f,c	;volatile
   634                           
   635                           ;writdata.c: 50: PORTD |= (data&0x0f);
   636  000918  5003               	movf	WriteDataXLCD@data,w,c
   637  00091A  0B0F               	andlw	15
   638  00091C  1283               	iorwf	3971,f,c	;volatile
   639                           
   640                           ;writdata.c: 52: DelayFor18TCY();
   641  00091E  ECEE  F004         	call	_DelayFor18TCY	;wreg free
   642                           
   643                           ;writdata.c: 53: LATCbits.LATC1 = 1;
   644  000922  828B               	bsf	3979,1,c	;volatile
   645                           
   646                           ;writdata.c: 54: DelayFor18TCY();
   647  000924  ECEE  F004         	call	_DelayFor18TCY	;wreg free
   648                           
   649                           ;writdata.c: 55: LATCbits.LATC1 = 0;
   650  000928  928B               	bcf	3979,1,c	;volatile
   651                           
   652                           ;writdata.c: 59: TRISD |= 0x0f;
   653  00092A  0E0F               	movlw	15
   654  00092C  1295               	iorwf	3989,f,c	;volatile
   655  00092E  D000               	goto	l143
   656  000930                     l143:
   657  000930  0012               	return		;funcret
   658  000932                     __end_of_WriteDataXLCD:
   659                           	opt stack 0
   660                           tblptru	equ	0xFF8
   661                           tblptrh	equ	0xFF7
   662                           tblptrl	equ	0xFF6
   663                           tablat	equ	0xFF5
   664                           status	equ	0xFD8
   665                           
   666 ;; *************** function _delay *****************
   667 ;; Defined at:
   668 ;;		line 43 in file "main.c"
   669 ;; Parameters:    Size  Location     Type
   670 ;;		None
   671 ;; Auto vars:     Size  Location     Type
   672 ;;		None
   673 ;; Return value:  Size  Location     Type
   674 ;;		None               void
   675 ;; Registers used:
   676 ;;		wreg
   677 ;; Tracked objects:
   678 ;;		On entry : 0/0
   679 ;;		On exit  : 0/0
   680 ;;		Unchanged: 0/0
   681 ;; Data sizes:     COMRAM   BANK0   BANK1   BANK2   BANK3   BANK4   BANK5
   682 ;;      Params:         0       0       0       0       0       0       0
   683 ;;      Locals:         0       0       0       0       0       0       0
   684 ;;      Temps:          1       0       0       0       0       0       0
   685 ;;      Totals:         1       0       0       0       0       0       0
   686 ;;Total ram usage:        1 bytes
   687 ;; Hardware stack levels used:    1
   688 ;; This function calls:
   689 ;;		Nothing
   690 ;; This function is called by:
   691 ;;		_main
   692 ;; This function uses a non-reentrant model
   693 ;;
   694                           
   695                           	psect	text3
   696  0009AA                     __ptext3:
   697                           	opt stack 0
   698  0009AA                     _delay:
   699                           	opt stack 30
   700                           
   701                           ;main.c: 45: _delay((unsigned long)((30)*(20000000/4000.0)));
   702                           
   703                           ;incstack = 0
   704  0009AA  0EC3               	movlw	195
   705  0009AC  6E01               	movwf	??_delay& (0+255),c
   706  0009AE  0ECD               	movlw	205
   707  0009B0                     u307:
   708  0009B0  2EE8               	decfsz	wreg,f,c
   709  0009B2  D7FE               	goto	u307
   710  0009B4  2E01               	decfsz	??_delay& (0+255),f,c
   711  0009B6  D7FC               	goto	u307
   712  0009B8  F000               	nop	
   713                           
   714                           ;main.c: 46: _delay((unsigned long)((30)*(20000000/4000.0)));
   715  0009BA  0EC3               	movlw	195
   716  0009BC  6E01               	movwf	??_delay& (0+255),c
   717  0009BE  0ECD               	movlw	205
   718  0009C0                     u317:
   719  0009C0  2EE8               	decfsz	wreg,f,c
   720  0009C2  D7FE               	goto	u317
   721  0009C4  2E01               	decfsz	??_delay& (0+255),f,c
   722  0009C6  D7FC               	goto	u317
   723  0009C8  F000               	nop	
   724                           
   725                           ;main.c: 47: _delay((unsigned long)((30)*(20000000/4000.0)));
   726  0009CA  0EC3               	movlw	195
   727  0009CC  6E01               	movwf	??_delay& (0+255),c
   728  0009CE  0ECD               	movlw	205
   729  0009D0                     u327:
   730  0009D0  2EE8               	decfsz	wreg,f,c
   731  0009D2  D7FE               	goto	u327
   732  0009D4  2E01               	decfsz	??_delay& (0+255),f,c
   733  0009D6  D7FC               	goto	u327
   734  0009D8  F000               	nop	
   735  0009DA  0012               	return		;funcret
   736  0009DC                     __end_of_delay:
   737                           	opt stack 0
   738                           tblptru	equ	0xFF8
   739                           tblptrh	equ	0xFF7
   740                           tblptrl	equ	0xFF6
   741                           tablat	equ	0xFF5
   742                           wreg	equ	0xFE8
   743                           status	equ	0xFD8
   744                           
   745 ;; *************** function _InitializeLCD *****************
   746 ;; Defined at:
   747 ;;		line 33 in file "main.c"
   748 ;; Parameters:    Size  Location     Type
   749 ;;		None
   750 ;; Auto vars:     Size  Location     Type
   751 ;;		None
   752 ;; Return value:  Size  Location     Type
   753 ;;		None               void
   754 ;; Registers used:
   755 ;;		wreg, status,2, status,0, cstack
   756 ;; Tracked objects:
   757 ;;		On entry : 0/0
   758 ;;		On exit  : 0/0
   759 ;;		Unchanged: 0/0
   760 ;; Data sizes:     COMRAM   BANK0   BANK1   BANK2   BANK3   BANK4   BANK5
   761 ;;      Params:         0       0       0       0       0       0       0
   762 ;;      Locals:         0       0       0       0       0       0       0
   763 ;;      Temps:          0       0       0       0       0       0       0
   764 ;;      Totals:         0       0       0       0       0       0       0
   765 ;;Total ram usage:        0 bytes
   766 ;; Hardware stack levels used:    1
   767 ;; Hardware stack levels required when called:    3
   768 ;; This function calls:
   769 ;;		_BusyXLCD
   770 ;;		_DelayPORXLCD
   771 ;;		_OpenXLCD
   772 ;;		_WriteCmdXLCD
   773 ;; This function is called by:
   774 ;;		_main
   775 ;; This function uses a non-reentrant model
   776 ;;
   777                           
   778                           	psect	text4
   779  000A02                     __ptext4:
   780                           	opt stack 0
   781  000A02                     _InitializeLCD:
   782                           	opt stack 27
   783                           
   784                           ;main.c: 35: OpenXLCD(0b00101100 & 0b00111000);
   785                           
   786                           ;incstack = 0
   787  000A02  0E28               	movlw	40
   788  000A04  ECCC  F003         	call	_OpenXLCD
   789                           
   790                           ;main.c: 36: DelayPORXLCD();
   791  000A08  EC1E  F005         	call	_DelayPORXLCD	;wreg free
   792                           
   793                           ;main.c: 37: WriteCmdXLCD(0b00001111&0b00001101&0b00001110);
   794  000A0C  0E0C               	movlw	12
   795  000A0E  EC99  F004         	call	_WriteCmdXLCD
   796                           
   797                           ;main.c: 38: DelayPORXLCD();
   798  000A12  EC1E  F005         	call	_DelayPORXLCD	;wreg free
   799                           
   800                           ;main.c: 39: while(BusyXLCD());
   801  000A16  D000               	goto	l1020
   802  000A18                     l1020:
   803  000A18  EC51  F004         	call	_BusyXLCD	;wreg free
   804  000A1C  0900               	iorlw	0
   805  000A1E  A4D8               	btfss	status,2,c
   806  000A20  D7FB               	goto	l1020
   807  000A22  0012               	return		;funcret
   808  000A24                     __end_of_InitializeLCD:
   809                           	opt stack 0
   810                           tblptru	equ	0xFF8
   811                           tblptrh	equ	0xFF7
   812                           tblptrl	equ	0xFF6
   813                           tablat	equ	0xFF5
   814                           wreg	equ	0xFE8
   815                           status	equ	0xFD8
   816                           
   817 ;; *************** function _OpenXLCD *****************
   818 ;; Defined at:
   819 ;;		line 19 in file "XLCD/openxlcd.c"
   820 ;; Parameters:    Size  Location     Type
   821 ;;  lcdtype         1    wreg     unsigned char 
   822 ;; Auto vars:     Size  Location     Type
   823 ;;  lcdtype         1    6[COMRAM] unsigned char 
   824 ;; Return value:  Size  Location     Type
   825 ;;		None               void
   826 ;; Registers used:
   827 ;;		wreg, status,2, status,0, cstack
   828 ;; Tracked objects:
   829 ;;		On entry : 0/0
   830 ;;		On exit  : 0/0
   831 ;;		Unchanged: 0/0
   832 ;; Data sizes:     COMRAM   BANK0   BANK1   BANK2   BANK3   BANK4   BANK5
   833 ;;      Params:         0       0       0       0       0       0       0
   834 ;;      Locals:         1       0       0       0       0       0       0
   835 ;;      Temps:          0       0       0       0       0       0       0
   836 ;;      Totals:         1       0       0       0       0       0       0
   837 ;;Total ram usage:        1 bytes
   838 ;; Hardware stack levels used:    1
   839 ;; Hardware stack levels required when called:    2
   840 ;; This function calls:
   841 ;;		_BusyXLCD
   842 ;;		_Delay10KTCYx
   843 ;;		_DelayPORXLCD
   844 ;;		_SetDDRamAddr
   845 ;;		_WriteCmdXLCD
   846 ;; This function is called by:
   847 ;;		_InitializeLCD
   848 ;; This function uses a non-reentrant model
   849 ;;
   850                           
   851                           	psect	text5
   852  000798                     __ptext5:
   853                           	opt stack 0
   854  000798                     _OpenXLCD:
   855                           	opt stack 27
   856                           
   857                           ;incstack = 0
   858                           ;OpenXLCD@lcdtype stored from wreg
   859  000798  6E07               	movwf	OpenXLCD@lcdtype,c
   860                           
   861                           ;openxlcd.c: 31: PORTD &= 0xf0;
   862  00079A  0EF0               	movlw	240
   863  00079C  1683               	andwf	3971,f,c	;volatile
   864                           
   865                           ;openxlcd.c: 32: TRISD &= 0xF0;
   866  00079E  0EF0               	movlw	240
   867  0007A0  1695               	andwf	3989,f,c	;volatile
   868                           
   869                           ;openxlcd.c: 35: TRISCbits.TRISC2 = 0;
   870  0007A2  9494               	bcf	3988,2,c	;volatile
   871                           
   872                           ;openxlcd.c: 36: TRISCbits.TRISC0 = 0;
   873  0007A4  9094               	bcf	3988,0,c	;volatile
   874                           
   875                           ;openxlcd.c: 37: TRISCbits.TRISC1 = 0;
   876  0007A6  9294               	bcf	3988,1,c	;volatile
   877                           
   878                           ;openxlcd.c: 38: LATCbits.LATC2 = 0;
   879  0007A8  948B               	bcf	3979,2,c	;volatile
   880                           
   881                           ;openxlcd.c: 39: LATCbits.LATC0 = 0;
   882  0007AA  908B               	bcf	3979,0,c	;volatile
   883                           
   884                           ;openxlcd.c: 40: LATCbits.LATC1 = 0;
   885  0007AC  928B               	bcf	3979,1,c	;volatile
   886                           
   887                           ;openxlcd.c: 43: DelayPORXLCD();
   888  0007AE  EC1E  F005         	call	_DelayPORXLCD	;wreg free
   889                           
   890                           ;openxlcd.c: 45: WriteCmdXLCD(0x30);
   891  0007B2  0E30               	movlw	48
   892  0007B4  EC99  F004         	call	_WriteCmdXLCD
   893                           
   894                           ;openxlcd.c: 46: Delay10KTCYx(0x05);
   895  0007B8  0E05               	movlw	5
   896  0007BA  EC12  F005         	call	_Delay10KTCYx
   897                           
   898                           ;openxlcd.c: 48: WriteCmdXLCD(0x30);
   899  0007BE  0E30               	movlw	48
   900  0007C0  EC99  F004         	call	_WriteCmdXLCD
   901                           
   902                           ;openxlcd.c: 49: Delay10KTCYx(0x01);
   903  0007C4  0E01               	movlw	1
   904  0007C6  EC12  F005         	call	_Delay10KTCYx
   905                           
   906                           ;openxlcd.c: 52: WriteCmdXLCD(0x32);
   907  0007CA  0E32               	movlw	50
   908  0007CC  EC99  F004         	call	_WriteCmdXLCD
   909                           
   910                           ;openxlcd.c: 53: while( BusyXLCD() );
   911  0007D0  D000               	goto	l952
   912  0007D2                     l952:
   913  0007D2  EC51  F004         	call	_BusyXLCD	;wreg free
   914  0007D6  0900               	iorlw	0
   915  0007D8  B4D8               	btfsc	status,2,c
   916  0007DA  D002               	goto	l954
   917  0007DC  D7FA               	goto	l952
   918                           
   919                           ;openxlcd.c: 58: while(BusyXLCD());
   920  0007DE  D000               	goto	l954
   921  0007E0                     l954:
   922  0007E0  EC51  F004         	call	_BusyXLCD	;wreg free
   923  0007E4  0900               	iorlw	0
   924  0007E6  A4D8               	btfss	status,2,c
   925  0007E8  D7FB               	goto	l954
   926                           
   927                           ;openxlcd.c: 59: WriteCmdXLCD(lcdtype);
   928  0007EA  5007               	movf	OpenXLCD@lcdtype,w,c
   929  0007EC  EC99  F004         	call	_WriteCmdXLCD
   930                           
   931                           ;openxlcd.c: 62: while(BusyXLCD());
   932  0007F0  D000               	goto	l958
   933  0007F2                     l958:
   934  0007F2  EC51  F004         	call	_BusyXLCD	;wreg free
   935  0007F6  0900               	iorlw	0
   936  0007F8  A4D8               	btfss	status,2,c
   937  0007FA  D7FB               	goto	l958
   938                           
   939                           ;openxlcd.c: 63: WriteCmdXLCD(0b00001011&0b00001101&0b00001110);
   940  0007FC  0E08               	movlw	8
   941  0007FE  EC99  F004         	call	_WriteCmdXLCD
   942                           
   943                           ;openxlcd.c: 64: while(BusyXLCD());
   944  000802  D000               	goto	l962
   945  000804                     l962:
   946  000804  EC51  F004         	call	_BusyXLCD	;wreg free
   947  000808  0900               	iorlw	0
   948  00080A  A4D8               	btfss	status,2,c
   949  00080C  D7FB               	goto	l962
   950                           
   951                           ;openxlcd.c: 65: WriteCmdXLCD(0b00001111&0b00001111&0b00001111);
   952  00080E  0E0F               	movlw	15
   953  000810  EC99  F004         	call	_WriteCmdXLCD
   954                           
   955                           ;openxlcd.c: 68: while(BusyXLCD());
   956  000814  D000               	goto	l966
   957  000816                     l966:
   958  000816  EC51  F004         	call	_BusyXLCD	;wreg free
   959  00081A  0900               	iorlw	0
   960  00081C  A4D8               	btfss	status,2,c
   961  00081E  D7FB               	goto	l966
   962                           
   963                           ;openxlcd.c: 69: WriteCmdXLCD(0x01);
   964  000820  0E01               	movlw	1
   965  000822  EC99  F004         	call	_WriteCmdXLCD
   966                           
   967                           ;openxlcd.c: 72: while(BusyXLCD());
   968  000826  D000               	goto	l970
   969  000828                     l970:
   970  000828  EC51  F004         	call	_BusyXLCD	;wreg free
   971  00082C  0900               	iorlw	0
   972  00082E  A4D8               	btfss	status,2,c
   973  000830  D7FB               	goto	l970
   974                           
   975                           ;openxlcd.c: 73: WriteCmdXLCD(0b00000100);
   976  000832  0E04               	movlw	4
   977  000834  EC99  F004         	call	_WriteCmdXLCD
   978                           
   979                           ;openxlcd.c: 76: while(BusyXLCD());
   980  000838  D000               	goto	l974
   981  00083A                     l974:
   982  00083A  EC51  F004         	call	_BusyXLCD	;wreg free
   983  00083E  0900               	iorlw	0
   984  000840  A4D8               	btfss	status,2,c
   985  000842  D7FB               	goto	l974
   986                           
   987                           ;openxlcd.c: 77: SetDDRamAddr(0x80);
   988  000844  0E80               	movlw	128
   989  000846  EC27  F004         	call	_SetDDRamAddr
   990  00084A  D000               	goto	l55
   991  00084C                     l55:
   992  00084C  0012               	return		;funcret
   993  00084E                     __end_of_OpenXLCD:
   994                           	opt stack 0
   995                           tblptru	equ	0xFF8
   996                           tblptrh	equ	0xFF7
   997                           tblptrl	equ	0xFF6
   998                           tablat	equ	0xFF5
   999                           wreg	equ	0xFE8
  1000                           status	equ	0xFD8
  1001                           
  1002 ;; *************** function _WriteCmdXLCD *****************
  1003 ;; Defined at:
  1004 ;;		line 13 in file "XLCD/wcmdxlcd.c"
  1005 ;; Parameters:    Size  Location     Type
  1006 ;;  cmd             1    wreg     unsigned char 
  1007 ;; Auto vars:     Size  Location     Type
  1008 ;;  cmd             1    2[COMRAM] unsigned char 
  1009 ;; Return value:  Size  Location     Type
  1010 ;;		None               void
  1011 ;; Registers used:
  1012 ;;		wreg, status,2, status,0, cstack
  1013 ;; Tracked objects:
  1014 ;;		On entry : 0/0
  1015 ;;		On exit  : 0/0
  1016 ;;		Unchanged: 0/0
  1017 ;; Data sizes:     COMRAM   BANK0   BANK1   BANK2   BANK3   BANK4   BANK5
  1018 ;;      Params:         0       0       0       0       0       0       0
  1019 ;;      Locals:         1       0       0       0       0       0       0
  1020 ;;      Temps:          0       0       0       0       0       0       0
  1021 ;;      Totals:         1       0       0       0       0       0       0
  1022 ;;Total ram usage:        1 bytes
  1023 ;; Hardware stack levels used:    1
  1024 ;; Hardware stack levels required when called:    1
  1025 ;; This function calls:
  1026 ;;		_DelayFor18TCY
  1027 ;; This function is called by:
  1028 ;;		_OpenXLCD
  1029 ;;		_InitializeLCD
  1030 ;;		_main
  1031 ;; This function uses a non-reentrant model
  1032 ;;
  1033                           
  1034                           	psect	text6
  1035  000932                     __ptext6:
  1036                           	opt stack 0
  1037  000932                     _WriteCmdXLCD:
  1038                           	opt stack 29
  1039                           
  1040                           ;incstack = 0
  1041                           ;WriteCmdXLCD@cmd stored from wreg
  1042  000932  6E03               	movwf	WriteCmdXLCD@cmd,c
  1043                           
  1044                           ;wcmdxlcd.c: 32: TRISD &= 0xf0;
  1045  000934  0EF0               	movlw	240
  1046  000936  1695               	andwf	3989,f,c	;volatile
  1047                           
  1048                           ;wcmdxlcd.c: 33: PORTD &= 0xf0;
  1049  000938  0EF0               	movlw	240
  1050  00093A  1683               	andwf	3971,f,c	;volatile
  1051                           
  1052                           ;wcmdxlcd.c: 34: PORTD |= (cmd>>4)&0x0f;
  1053  00093C  3803               	swapf	WriteCmdXLCD@cmd,w,c
  1054  00093E  0B0F               	andlw	15
  1055  000940  0B0F               	andlw	15
  1056  000942  1283               	iorwf	3971,f,c	;volatile
  1057                           
  1058                           ;wcmdxlcd.c: 36: LATCbits.LATC2 = 0;
  1059  000944  948B               	bcf	3979,2,c	;volatile
  1060                           
  1061                           ;wcmdxlcd.c: 37: LATCbits.LATC0 = 0;
  1062  000946  908B               	bcf	3979,0,c	;volatile
  1063                           
  1064                           ;wcmdxlcd.c: 38: DelayFor18TCY();
  1065  000948  ECEE  F004         	call	_DelayFor18TCY	;wreg free
  1066                           
  1067                           ;wcmdxlcd.c: 39: LATCbits.LATC1 = 1;
  1068  00094C  828B               	bsf	3979,1,c	;volatile
  1069                           
  1070                           ;wcmdxlcd.c: 40: DelayFor18TCY();
  1071  00094E  ECEE  F004         	call	_DelayFor18TCY	;wreg free
  1072                           
  1073                           ;wcmdxlcd.c: 41: LATCbits.LATC1 = 0;
  1074  000952  928B               	bcf	3979,1,c	;volatile
  1075                           
  1076                           ;wcmdxlcd.c: 46: PORTD &= 0xf0;
  1077  000954  0EF0               	movlw	240
  1078  000956  1683               	andwf	3971,f,c	;volatile
  1079                           
  1080                           ;wcmdxlcd.c: 47: PORTD |= cmd&0x0f;
  1081  000958  5003               	movf	WriteCmdXLCD@cmd,w,c
  1082  00095A  0B0F               	andlw	15
  1083  00095C  1283               	iorwf	3971,f,c	;volatile
  1084                           
  1085                           ;wcmdxlcd.c: 49: DelayFor18TCY();
  1086  00095E  ECEE  F004         	call	_DelayFor18TCY	;wreg free
  1087                           
  1088                           ;wcmdxlcd.c: 50: LATCbits.LATC1 = 1;
  1089  000962  828B               	bsf	3979,1,c	;volatile
  1090                           
  1091                           ;wcmdxlcd.c: 51: DelayFor18TCY();
  1092  000964  ECEE  F004         	call	_DelayFor18TCY	;wreg free
  1093                           
  1094                           ;wcmdxlcd.c: 52: LATCbits.LATC1 = 0;
  1095  000968  928B               	bcf	3979,1,c	;volatile
  1096                           
  1097                           ;wcmdxlcd.c: 56: TRISD |= 0x0f;
  1098  00096A  0E0F               	movlw	15
  1099  00096C  1295               	iorwf	3989,f,c	;volatile
  1100  00096E  D000               	goto	l132
  1101  000970                     l132:
  1102  000970  0012               	return		;funcret
  1103  000972                     __end_of_WriteCmdXLCD:
  1104                           	opt stack 0
  1105                           tblptru	equ	0xFF8
  1106                           tblptrh	equ	0xFF7
  1107                           tblptrl	equ	0xFF6
  1108                           tablat	equ	0xFF5
  1109                           wreg	equ	0xFE8
  1110                           status	equ	0xFD8
  1111                           
  1112 ;; *************** function _SetDDRamAddr *****************
  1113 ;; Defined at:
  1114 ;;		line 13 in file "XLCD/setddram.c"
  1115 ;; Parameters:    Size  Location     Type
  1116 ;;  DDaddr          1    wreg     unsigned char 
  1117 ;; Auto vars:     Size  Location     Type
  1118 ;;  DDaddr          1    5[COMRAM] unsigned char 
  1119 ;; Return value:  Size  Location     Type
  1120 ;;		None               void
  1121 ;; Registers used:
  1122 ;;		wreg, status,2, status,0, cstack
  1123 ;; Tracked objects:
  1124 ;;		On entry : 0/0
  1125 ;;		On exit  : 0/0
  1126 ;;		Unchanged: 0/0
  1127 ;; Data sizes:     COMRAM   BANK0   BANK1   BANK2   BANK3   BANK4   BANK5
  1128 ;;      Params:         0       0       0       0       0       0       0
  1129 ;;      Locals:         1       0       0       0       0       0       0
  1130 ;;      Temps:          3       0       0       0       0       0       0
  1131 ;;      Totals:         4       0       0       0       0       0       0
  1132 ;;Total ram usage:        4 bytes
  1133 ;; Hardware stack levels used:    1
  1134 ;; Hardware stack levels required when called:    1
  1135 ;; This function calls:
  1136 ;;		_DelayFor18TCY
  1137 ;; This function is called by:
  1138 ;;		_OpenXLCD
  1139 ;; This function uses a non-reentrant model
  1140 ;;
  1141                           
  1142                           	psect	text7
  1143  00084E                     __ptext7:
  1144                           	opt stack 0
  1145  00084E                     _SetDDRamAddr:
  1146                           	opt stack 27
  1147                           
  1148                           ;incstack = 0
  1149                           ;SetDDRamAddr@DDaddr stored from wreg
  1150  00084E  6E06               	movwf	SetDDRamAddr@DDaddr,c
  1151                           
  1152                           ;setddram.c: 32: TRISD &= 0xf0;
  1153  000850  0EF0               	movlw	240
  1154  000852  1695               	andwf	3989,f,c	;volatile
  1155                           
  1156                           ;setddram.c: 33: PORTD &= 0xf0;
  1157  000854  0EF0               	movlw	240
  1158  000856  1683               	andwf	3971,f,c	;volatile
  1159                           
  1160                           ;setddram.c: 34: PORTD |= (((DDaddr | 0b10000000)>>4) & 0x0f);
  1161  000858  5006               	movf	SetDDRamAddr@DDaddr,w,c
  1162  00085A  6E03               	movwf	??_SetDDRamAddr& (0+255),c
  1163  00085C  6A04               	clrf	(??_SetDDRamAddr+1)& (0+255),c
  1164  00085E  8E03               	bsf	??_SetDDRamAddr,7,c
  1165  000860  0E04               	movlw	4
  1166  000862  6E05               	movwf	(??_SetDDRamAddr+2)& (0+255),c
  1167  000864                     u45:
  1168  000864  3404               	rlcf	??_SetDDRamAddr+1,w,c
  1169  000866  3204               	rrcf	??_SetDDRamAddr+1,f,c
  1170  000868  3203               	rrcf	??_SetDDRamAddr,f,c
  1171  00086A  2E05               	decfsz	(??_SetDDRamAddr+2)& (0+255),f,c
  1172  00086C  D7FB               	goto	u45
  1173  00086E  5003               	movf	??_SetDDRamAddr,w,c
  1174  000870  0B0F               	andlw	15
  1175  000872  1283               	iorwf	3971,f,c	;volatile
  1176                           
  1177                           ;setddram.c: 36: LATCbits.LATC2 = 0;
  1178  000874  948B               	bcf	3979,2,c	;volatile
  1179                           
  1180                           ;setddram.c: 37: LATCbits.LATC0 = 0;
  1181  000876  908B               	bcf	3979,0,c	;volatile
  1182                           
  1183                           ;setddram.c: 38: DelayFor18TCY();
  1184  000878  ECEE  F004         	call	_DelayFor18TCY	;wreg free
  1185                           
  1186                           ;setddram.c: 39: LATCbits.LATC1 = 1;
  1187  00087C  828B               	bsf	3979,1,c	;volatile
  1188                           
  1189                           ;setddram.c: 40: DelayFor18TCY();
  1190  00087E  ECEE  F004         	call	_DelayFor18TCY	;wreg free
  1191                           
  1192                           ;setddram.c: 41: LATCbits.LATC1 = 0;
  1193  000882  928B               	bcf	3979,1,c	;volatile
  1194                           
  1195                           ;setddram.c: 46: PORTD &= 0xf0;
  1196  000884  0EF0               	movlw	240
  1197  000886  1683               	andwf	3971,f,c	;volatile
  1198                           
  1199                           ;setddram.c: 47: PORTD |= (DDaddr&0x0f);
  1200  000888  5006               	movf	SetDDRamAddr@DDaddr,w,c
  1201  00088A  0B0F               	andlw	15
  1202  00088C  1283               	iorwf	3971,f,c	;volatile
  1203                           
  1204                           ;setddram.c: 49: DelayFor18TCY();
  1205  00088E  ECEE  F004         	call	_DelayFor18TCY	;wreg free
  1206                           
  1207                           ;setddram.c: 50: LATCbits.LATC1 = 1;
  1208  000892  828B               	bsf	3979,1,c	;volatile
  1209                           
  1210                           ;setddram.c: 51: DelayFor18TCY();
  1211  000894  ECEE  F004         	call	_DelayFor18TCY	;wreg free
  1212                           
  1213                           ;setddram.c: 52: LATCbits.LATC1 = 0;
  1214  000898  928B               	bcf	3979,1,c	;volatile
  1215                           
  1216                           ;setddram.c: 56: TRISD |= 0x0f;
  1217  00089A  0E0F               	movlw	15
  1218  00089C  1295               	iorwf	3989,f,c	;volatile
  1219  00089E  D000               	goto	l121
  1220  0008A0                     l121:
  1221  0008A0  0012               	return		;funcret
  1222  0008A2                     __end_of_SetDDRamAddr:
  1223                           	opt stack 0
  1224                           tblptru	equ	0xFF8
  1225                           tblptrh	equ	0xFF7
  1226                           tblptrl	equ	0xFF6
  1227                           tablat	equ	0xFF5
  1228                           wreg	equ	0xFE8
  1229                           status	equ	0xFD8
  1230                           
  1231 ;; *************** function _Delay10KTCYx *****************
  1232 ;; Defined at:
  1233 ;;		line 8 in file "C:\Program Files\Microchip\xc8\v1.34\sources\pic18\d10ktcyx.c"
  1234 ;; Parameters:    Size  Location     Type
  1235 ;;  unit            1    wreg     unsigned char 
  1236 ;; Auto vars:     Size  Location     Type
  1237 ;;  unit            1    1[COMRAM] unsigned char 
  1238 ;; Return value:  Size  Location     Type
  1239 ;;		None               void
  1240 ;; Registers used:
  1241 ;;		wreg
  1242 ;; Tracked objects:
  1243 ;;		On entry : 0/0
  1244 ;;		On exit  : 0/0
  1245 ;;		Unchanged: 0/0
  1246 ;; Data sizes:     COMRAM   BANK0   BANK1   BANK2   BANK3   BANK4   BANK5
  1247 ;;      Params:         0       0       0       0       0       0       0
  1248 ;;      Locals:         1       0       0       0       0       0       0
  1249 ;;      Temps:          1       0       0       0       0       0       0
  1250 ;;      Totals:         2       0       0       0       0       0       0
  1251 ;;Total ram usage:        2 bytes
  1252 ;; Hardware stack levels used:    1
  1253 ;; This function calls:
  1254 ;;		Nothing
  1255 ;; This function is called by:
  1256 ;;		_OpenXLCD
  1257 ;; This function uses a non-reentrant model
  1258 ;;
  1259                           
  1260                           	psect	text8
  1261  000A24                     __ptext8:
  1262                           	opt stack 0
  1263  000A24                     _Delay10KTCYx:
  1264                           	opt stack 28
  1265                           
  1266                           ;incstack = 0
  1267                           ;Delay10KTCYx@unit stored from wreg
  1268  000A24  6E02               	movwf	Delay10KTCYx@unit,c
  1269  000A26  0E0D               	movlw	13
  1270  000A28  6E01               	movwf	??_Delay10KTCYx& (0+255),c
  1271  000A2A  0EFC               	movlw	252
  1272  000A2C                     u337:
  1273  000A2C  2EE8               	decfsz	wreg,f,c
  1274  000A2E  D7FE               	goto	u337
  1275  000A30  2E01               	decfsz	??_Delay10KTCYx& (0+255),f,c
  1276  000A32  D7FC               	goto	u337
  1277  000A34  2E02               	decfsz	Delay10KTCYx@unit,f,c
  1278  000A36  D7F7               	goto	l898
  1279  000A38  D000               	goto	l441
  1280  000A3A                     l441:
  1281  000A3A  0012               	return		;funcret
  1282  000A3C                     __end_of_Delay10KTCYx:
  1283                           	opt stack 0
  1284                           tblptru	equ	0xFF8
  1285                           tblptrh	equ	0xFF7
  1286                           tblptrl	equ	0xFF6
  1287                           tablat	equ	0xFF5
  1288                           wreg	equ	0xFE8
  1289                           status	equ	0xFD8
  1290                           
  1291 ;; *************** function _BusyXLCD *****************
  1292 ;; Defined at:
  1293 ;;		line 10 in file "XLCD/busyxlcd.c"
  1294 ;; Parameters:    Size  Location     Type
  1295 ;;		None
  1296 ;; Auto vars:     Size  Location     Type
  1297 ;;		None
  1298 ;; Return value:  Size  Location     Type
  1299 ;;                  1    wreg      unsigned char 
  1300 ;; Registers used:
  1301 ;;		wreg, status,2, status,0, cstack
  1302 ;; Tracked objects:
  1303 ;;		On entry : 0/0
  1304 ;;		On exit  : 0/0
  1305 ;;		Unchanged: 0/0
  1306 ;; Data sizes:     COMRAM   BANK0   BANK1   BANK2   BANK3   BANK4   BANK5
  1307 ;;      Params:         0       0       0       0       0       0       0
  1308 ;;      Locals:         0       0       0       0       0       0       0
  1309 ;;      Temps:          0       0       0       0       0       0       0
  1310 ;;      Totals:         0       0       0       0       0       0       0
  1311 ;;Total ram usage:        0 bytes
  1312 ;; Hardware stack levels used:    1
  1313 ;; Hardware stack levels required when called:    1
  1314 ;; This function calls:
  1315 ;;		_DelayFor18TCY
  1316 ;;		_DelayPORXLCD
  1317 ;; This function is called by:
  1318 ;;		_OpenXLCD
  1319 ;;		_putsXLCD
  1320 ;;		_InitializeLCD
  1321 ;;		_putrsXLCD
  1322 ;; This function uses a non-reentrant model
  1323 ;;
  1324                           
  1325                           	psect	text9
  1326  0008A2                     __ptext9:
  1327                           	opt stack 0
  1328  0008A2                     _BusyXLCD:
  1329                           	opt stack 28
  1330                           
  1331                           ;busyxlcd.c: 12: DelayFor18TCY();
  1332                           
  1333                           ;incstack = 0
  1334  0008A2  ECEE  F004         	call	_DelayFor18TCY	;wreg free
  1335  0008A6  D022               	goto	l870
  1336                           
  1337                           ;busyxlcd.c: 13: return 0;
  1338  0008A8  D023               	goto	l11
  1339                           
  1340                           ;busyxlcd.c: 14: LATCbits.LATC2 = 1;
  1341  0008AA  848B               	bsf	3979,2,c	;volatile
  1342                           
  1343                           ;busyxlcd.c: 15: LATCbits.LATC0 = 0;
  1344  0008AC  908B               	bcf	3979,0,c	;volatile
  1345                           
  1346                           ;busyxlcd.c: 16: DelayFor18TCY();
  1347  0008AE  ECEE  F004         	call	_DelayFor18TCY	;wreg free
  1348                           
  1349                           ;busyxlcd.c: 17: LATCbits.LATC1 = 1;
  1350  0008B2  828B               	bsf	3979,1,c	;volatile
  1351                           
  1352                           ;busyxlcd.c: 18: DelayFor18TCY();
  1353  0008B4  ECEE  F004         	call	_DelayFor18TCY	;wreg free
  1354                           
  1355                           ;busyxlcd.c: 20: LATCbits.LATC1 = 0;
  1356  0008B8  928B               	bcf	3979,1,c	;volatile
  1357                           
  1358                           ;busyxlcd.c: 21: LATCbits.LATC2 = 0;
  1359  0008BA  948B               	bcf	3979,2,c	;volatile
  1360                           
  1361                           ;busyxlcd.c: 24: DelayPORXLCD();
  1362  0008BC  EC1E  F005         	call	_DelayPORXLCD	;wreg free
  1363  0008C0  D015               	goto	l870
  1364                           
  1365                           ;busyxlcd.c: 25: return 0;
  1366  0008C2  D016               	goto	l11
  1367                           
  1368                           ;busyxlcd.c: 44: if(PORTD&0x08)
  1369  0008C4  A683               	btfss	3971,3,c	;volatile
  1370  0008C6  D00A               	goto	l12
  1371                           
  1372                           ;busyxlcd.c: 46: {
  1373                           ;busyxlcd.c: 47: LATCbits.LATC1 = 0;
  1374  0008C8  928B               	bcf	3979,1,c	;volatile
  1375                           
  1376                           ;busyxlcd.c: 48: DelayFor18TCY();
  1377  0008CA  ECEE  F004         	call	_DelayFor18TCY	;wreg free
  1378                           
  1379                           ;busyxlcd.c: 49: LATCbits.LATC1 = 1;
  1380  0008CE  828B               	bsf	3979,1,c	;volatile
  1381                           
  1382                           ;busyxlcd.c: 50: DelayFor18TCY();
  1383  0008D0  ECEE  F004         	call	_DelayFor18TCY	;wreg free
  1384                           
  1385                           ;busyxlcd.c: 51: LATCbits.LATC1 = 0;
  1386  0008D4  928B               	bcf	3979,1,c	;volatile
  1387                           
  1388                           ;busyxlcd.c: 52: LATCbits.LATC2 = 0;
  1389  0008D6  948B               	bcf	3979,2,c	;volatile
  1390                           
  1391                           ;busyxlcd.c: 53: return 1;
  1392  0008D8  0E01               	movlw	1
  1393                           
  1394                           ;busyxlcd.c: 54: }
  1395  0008DA  D00A               	goto	l11
  1396  0008DC                     l12:
  1397                           
  1398                           ;busyxlcd.c: 55: else
  1399                           ;busyxlcd.c: 56: {
  1400                           ;busyxlcd.c: 57: LATCbits.LATC1 = 0;
  1401  0008DC  928B               	bcf	3979,1,c	;volatile
  1402                           
  1403                           ;busyxlcd.c: 58: DelayFor18TCY();
  1404  0008DE  ECEE  F004         	call	_DelayFor18TCY	;wreg free
  1405                           
  1406                           ;busyxlcd.c: 59: LATCbits.LATC1 = 1;
  1407  0008E2  828B               	bsf	3979,1,c	;volatile
  1408                           
  1409                           ;busyxlcd.c: 60: DelayFor18TCY();
  1410  0008E4  ECEE  F004         	call	_DelayFor18TCY	;wreg free
  1411                           
  1412                           ;busyxlcd.c: 61: LATCbits.LATC1 = 0;
  1413  0008E8  928B               	bcf	3979,1,c	;volatile
  1414                           
  1415                           ;busyxlcd.c: 62: LATCbits.LATC2 = 0;
  1416  0008EA  948B               	bcf	3979,2,c	;volatile
  1417  0008EC                     l870:
  1418                           
  1419                           ;busyxlcd.c: 63: return 0;
  1420  0008EC  0E00               	movlw	0
  1421  0008EE  D000               	goto	l11
  1422  0008F0                     l11:
  1423  0008F0  0012               	return		;funcret
  1424  0008F2                     __end_of_BusyXLCD:
  1425                           	opt stack 0
  1426                           tblptru	equ	0xFF8
  1427                           tblptrh	equ	0xFF7
  1428                           tblptrl	equ	0xFF6
  1429                           tablat	equ	0xFF5
  1430                           wreg	equ	0xFE8
  1431                           status	equ	0xFD8
  1432                           
  1433 ;; *************** function _DelayPORXLCD *****************
  1434 ;; Defined at:
  1435 ;;		line 23 in file "main.c"
  1436 ;; Parameters:    Size  Location     Type
  1437 ;;		None
  1438 ;; Auto vars:     Size  Location     Type
  1439 ;;		None
  1440 ;; Return value:  Size  Location     Type
  1441 ;;		None               void
  1442 ;; Registers used:
  1443 ;;		wreg
  1444 ;; Tracked objects:
  1445 ;;		On entry : 0/0
  1446 ;;		On exit  : 0/0
  1447 ;;		Unchanged: 0/0
  1448 ;; Data sizes:     COMRAM   BANK0   BANK1   BANK2   BANK3   BANK4   BANK5
  1449 ;;      Params:         0       0       0       0       0       0       0
  1450 ;;      Locals:         0       0       0       0       0       0       0
  1451 ;;      Temps:          1       0       0       0       0       0       0
  1452 ;;      Totals:         1       0       0       0       0       0       0
  1453 ;;Total ram usage:        1 bytes
  1454 ;; Hardware stack levels used:    1
  1455 ;; This function calls:
  1456 ;;		Nothing
  1457 ;; This function is called by:
  1458 ;;		_BusyXLCD
  1459 ;;		_OpenXLCD
  1460 ;;		_InitializeLCD
  1461 ;; This function uses a non-reentrant model
  1462 ;;
  1463                           
  1464                           	psect	text10
  1465  000A3C                     __ptext10:
  1466                           	opt stack 0
  1467  000A3C                     _DelayPORXLCD:
  1468                           	opt stack 28
  1469                           
  1470                           ;main.c: 25: _delay((unsigned long)((15)*(20000000/4000.0)));
  1471                           
  1472                           ;incstack = 0
  1473  000A3C  0E62               	movlw	98
  1474  000A3E  6E01               	movwf	??_DelayPORXLCD& (0+255),c
  1475  000A40  0E66               	movlw	102
  1476  000A42                     u347:
  1477  000A42  2EE8               	decfsz	wreg,f,c
  1478  000A44  D7FE               	goto	u347
  1479  000A46  2E01               	decfsz	??_DelayPORXLCD& (0+255),f,c
  1480  000A48  D7FC               	goto	u347
  1481  000A4A  0012               	return		;funcret
  1482  000A4C                     __end_of_DelayPORXLCD:
  1483                           	opt stack 0
  1484                           tblptru	equ	0xFF8
  1485                           tblptrh	equ	0xFF7
  1486                           tblptrl	equ	0xFF6
  1487                           tablat	equ	0xFF5
  1488                           wreg	equ	0xFE8
  1489                           status	equ	0xFD8
  1490                           
  1491 ;; *************** function _DelayFor18TCY *****************
  1492 ;; Defined at:
  1493 ;;		line 17 in file "main.c"
  1494 ;; Parameters:    Size  Location     Type
  1495 ;;		None
  1496 ;; Auto vars:     Size  Location     Type
  1497 ;;  i               2    0[COMRAM] int 
  1498 ;; Return value:  Size  Location     Type
  1499 ;;		None               void
  1500 ;; Registers used:
  1501 ;;		wreg, status,2, status,0
  1502 ;; Tracked objects:
  1503 ;;		On entry : 0/0
  1504 ;;		On exit  : 0/0
  1505 ;;		Unchanged: 0/0
  1506 ;; Data sizes:     COMRAM   BANK0   BANK1   BANK2   BANK3   BANK4   BANK5
  1507 ;;      Params:         0       0       0       0       0       0       0
  1508 ;;      Locals:         2       0       0       0       0       0       0
  1509 ;;      Temps:          0       0       0       0       0       0       0
  1510 ;;      Totals:         2       0       0       0       0       0       0
  1511 ;;Total ram usage:        2 bytes
  1512 ;; Hardware stack levels used:    1
  1513 ;; This function calls:
  1514 ;;		Nothing
  1515 ;; This function is called by:
  1516 ;;		_BusyXLCD
  1517 ;;		_SetDDRamAddr
  1518 ;;		_WriteCmdXLCD
  1519 ;;		_WriteDataXLCD
  1520 ;;		_ReadAddrXLCD
  1521 ;;		_ReadDataXLCD
  1522 ;;		_SetCGRamAddr
  1523 ;; This function uses a non-reentrant model
  1524 ;;
  1525                           
  1526                           	psect	text11
  1527  0009DC                     __ptext11:
  1528                           	opt stack 0
  1529  0009DC                     _DelayFor18TCY:
  1530                           	opt stack 28
  1531                           
  1532                           ;main.c: 19: for(int i=0;i<18;i++)
  1533                           
  1534                           ;incstack = 0
  1535  0009DC  0E00               	movlw	0
  1536  0009DE  6E02               	movwf	DelayFor18TCY@i+1,c
  1537  0009E0  0E00               	movlw	0
  1538  0009E2  6E01               	movwf	DelayFor18TCY@i,c
  1539  0009E4                     l812:
  1540  0009E4  BE02               	btfsc	DelayFor18TCY@i+1,7,c
  1541  0009E6  D008               	goto	l816
  1542  0009E8  5002               	movf	DelayFor18TCY@i+1,w,c
  1543  0009EA  E10A               	bnz	l172
  1544  0009EC  0E12               	movlw	18
  1545  0009EE  5C01               	subwf	DelayFor18TCY@i,w,c
  1546  0009F0  B0D8               	btfsc	status,0,c
  1547  0009F2  D006               	goto	l172
  1548  0009F4  D001               	goto	l816
  1549  0009F6  D004               	goto	l172
  1550  0009F8                     l816:
  1551  0009F8  4A01               	infsnz	DelayFor18TCY@i,f,c
  1552  0009FA  2A02               	incf	DelayFor18TCY@i+1,f,c
  1553  0009FC  D7F3               	goto	l812
  1554  0009FE  D000               	goto	l172
  1555  000A00                     l172:
  1556  000A00  0012               	return		;funcret
  1557  000A02                     __end_of_DelayFor18TCY:
  1558                           	opt stack 0
  1559                           tblptru	equ	0xFF8
  1560                           tblptrh	equ	0xFF7
  1561                           tblptrl	equ	0xFF6
  1562                           tablat	equ	0xFF5
  1563                           wreg	equ	0xFE8
  1564                           status	equ	0xFD8
  1565                           tblptru	equ	0xFF8
  1566                           tblptrh	equ	0xFF7
  1567                           tblptrl	equ	0xFF6
  1568                           tablat	equ	0xFF5
  1569                           wreg	equ	0xFE8
  1570                           status	equ	0xFD8
  1571                           
  1572                           	psect	rparam
  1573  0000                     tblptru	equ	0xFF8
  1574                           tblptrh	equ	0xFF7
  1575                           tblptrl	equ	0xFF6
  1576                           tablat	equ	0xFF5
  1577                           wreg	equ	0xFE8
  1578                           status	equ	0xFD8


Data Sizes:
    Strings     71
    Constant    0
    Data        0
    BSS         0
    Persistent  0
    Stack       0

Auto Spaces:
    Space          Size  Autos    Used
    COMRAM          127      9       9
    BANK0           128      0       0
    BANK1           256      0       0
    BANK2           256      0       0
    BANK3           256      0       0
    BANK4           256      0       0
    BANK5           256      0       0

Pointer List with Targets:

    putsXLCD@buffer	PTR unsigned char  size(2) Largest target is 17
		 -> STR_10(CODE[8]), STR_9(CODE[10]), STR_8(CODE[6]), STR_7(CODE[6]), 
		 -> STR_6(CODE[8]), STR_5(CODE[17]), STR_4(CODE[8]), STR_3(CODE[12]), 
		 -> STR_2(CODE[8]), STR_1(CODE[12]), 


Critical Paths under _main in COMRAM

    _putsXLCD->_WriteDataXLCD
    _WriteDataXLCD->_DelayFor18TCY
    _InitializeLCD->_OpenXLCD
    _OpenXLCD->_SetDDRamAddr
    _WriteCmdXLCD->_DelayFor18TCY
    _SetDDRamAddr->_DelayFor18TCY
    _BusyXLCD->_DelayFor18TCY

Critical Paths under _main in BANK0

    None.

Critical Paths under _main in BANK1

    None.

Critical Paths under _main in BANK2

    None.

Critical Paths under _main in BANK3

    None.

Critical Paths under _main in BANK4

    None.

Critical Paths under _main in BANK5

    None.

Call Graph Tables:

 ---------------------------------------------------------------------------------
 (Depth) Function   	        Calls       Base Space   Used Autos Params    Refs
 ---------------------------------------------------------------------------------
 (0) _main                                                 2     2      0    1106
                                              7 COMRAM     2     2      0
                      _InitializeLCD
                       _WriteCmdXLCD
                              _delay
                           _putsXLCD
 ---------------------------------------------------------------------------------
 (1) _putsXLCD                                             2     0      2     665
                                              3 COMRAM     2     0      2
                           _BusyXLCD
                      _WriteDataXLCD
 ---------------------------------------------------------------------------------
 (2) _WriteDataXLCD                                        1     1      0      60
                                              2 COMRAM     1     1      0
                      _DelayFor18TCY
 ---------------------------------------------------------------------------------
 (1) _delay                                                1     1      0       0
                                              0 COMRAM     1     1      0
 ---------------------------------------------------------------------------------
 (1) _InitializeLCD                                        0     0      0     270
                           _BusyXLCD
                       _DelayPORXLCD
                           _OpenXLCD
                       _WriteCmdXLCD
 ---------------------------------------------------------------------------------
 (2) _OpenXLCD                                             1     1      0     180
                                              6 COMRAM     1     1      0
                           _BusyXLCD
                       _Delay10KTCYx
                       _DelayPORXLCD
                       _SetDDRamAddr
                       _WriteCmdXLCD
 ---------------------------------------------------------------------------------
 (1) _WriteCmdXLCD                                         1     1      0      60
                                              2 COMRAM     1     1      0
                      _DelayFor18TCY
 ---------------------------------------------------------------------------------
 (3) _SetDDRamAddr                                         4     4      0      60
                                              2 COMRAM     4     4      0
                      _DelayFor18TCY
 ---------------------------------------------------------------------------------
 (3) _Delay10KTCYx                                         2     2      0      15
                                              0 COMRAM     2     2      0
 ---------------------------------------------------------------------------------
 (2) _BusyXLCD                                             0     0      0      30
                      _DelayFor18TCY
                       _DelayPORXLCD
 ---------------------------------------------------------------------------------
 (3) _DelayPORXLCD                                         1     1      0       0
                                              0 COMRAM     1     1      0
 ---------------------------------------------------------------------------------
 (3) _DelayFor18TCY                                        2     2      0      30
                                              0 COMRAM     2     2      0
 ---------------------------------------------------------------------------------
 Estimated maximum stack depth 3
 ---------------------------------------------------------------------------------

 Call Graph Graphs:

 _main (ROOT)
   _InitializeLCD
     _BusyXLCD
       _DelayFor18TCY
       _DelayPORXLCD
     _DelayPORXLCD
     _OpenXLCD
       _BusyXLCD
         _DelayFor18TCY
         _DelayPORXLCD
       _Delay10KTCYx
       _DelayPORXLCD
       _SetDDRamAddr
         _DelayFor18TCY
       _WriteCmdXLCD
         _DelayFor18TCY
     _WriteCmdXLCD
       _DelayFor18TCY
   _WriteCmdXLCD
     _DelayFor18TCY
   _delay
   _putsXLCD
     _BusyXLCD
       _DelayFor18TCY
       _DelayPORXLCD
     _WriteDataXLCD
       _DelayFor18TCY

 Address spaces:
Name               Size   Autos  Total    Cost      Usage
BITCOMRAM           7F      0       0       0        0.0%
EEDATA             100      0       0       0        0.0%
NULL                 0      0       0       0        0.0%
CODE                 0      0       0       0        0.0%
COMRAM              7F      9       9       1        7.1%
STACK                0      0       0       2        0.0%
DATA                 0      0       0       3        0.0%
BITBANK0            80      0       0       4        0.0%
BANK0               80      0       0       5        0.0%
BITBANK1           100      0       0       6        0.0%
BANK1              100      0       0       7        0.0%
BITBANK2           100      0       0       8        0.0%
BANK2              100      0       0       9        0.0%
BITBANK3           100      0       0      10        0.0%
BANK3              100      0       0      11        0.0%
BITBANK4           100      0       0      12        0.0%
BANK4              100      0       0      13        0.0%
BANK5              100      0       0      14        0.0%
ABS                  0      0       0      15        0.0%
BITBANK5           100      0       0      16        0.0%
BIGRAM             5FF      0       0      17        0.0%
BITSFR               0      0       0      40        0.0%
SFR                  0      0       0      40        0.0%


Microchip Technology PIC18 Macro Assembler V1.34 build -361300703 
Symbol Table                                                                                   Thu Apr 20 11:14:58 2017

                     l11 08F0                       l12 08DC                       l55 084C  
                     u45 0864              __CFG_BORV$3 000000             __CFG_CP0$OFF 000000  
           __CFG_CP1$OFF 000000             __CFG_CP2$OFF 000000             __CFG_CP3$OFF 000000  
            __CFG_OSC$HS 000000                      l121 08A0                      l211 0792  
                    l203 0718                      l132 0970                      l143 0930  
                    l207 074C                      l172 0A00                      l441 0A3A  
                    l195 0690                      l199 06D4                      l812 09E4  
                    l816 09F8                      l870 08EC                      l952 07D2  
                    l970 0828                      l962 0804                      l954 07E0  
                    l974 083A                      l966 0816                      l958 07F2  
                    l898 0A26             __CFG_CPB$OFF 000000                      u307 09B0  
                    u317 09C0                      u327 09D0                      u337 0A2C  
           __CFG_CPD$OFF 000000                      u347 0A42    __size_of_WriteCmdXLCD 0040  
                    wreg 000FE8             __CFG_IESO$ON 000000             __CFG_LVP$OFF 000000  
           __CFG_WDT$OFF 000000                     l1020 0A18                     l1202 0996  
                   l1222 0694                     l1254 071C                     l1238 06D8  
                   l1266 0750                     l1196 0976                     STR_1 0612  
                   STR_2 0634                     STR_3 061E                     STR_4 0634  
                   STR_5 0601                     STR_6 0634                     STR_7 063C  
                   STR_8 0642                     STR_9 062A             __CFG_WDTPS$1 000000  
           __CFG_PWRT$ON 000000                     _main 064A   __size_of_WriteDataXLCD 0040  
                   start 0000            __CFG_MCLRE$ON 000000   __size_of_InitializeLCD 0022  
           ___param_bank 000010             _WriteCmdXLCD 0932            ?_SetDDRamAddr 0001  
                  ?_main 0001                    STR_10 0634                    _PORTB 000F81  
                  _PORTD 000F83                    _TRISA 000F92                    _TRISB 000F93  
                  _TRISC 000F94                    _TRISD 000F95                    _TRISE 000F96  
  __size_of_Delay10KTCYx 0018            __CFG_WRT0$OFF 000000            __CFG_WRT1$OFF 000000  
          __CFG_WRT2$OFF 000000            __CFG_WRT3$OFF 000000           __CFG_EBTR0$OFF 000000  
         __CFG_FCMEN$OFF 000000           __CFG_EBTR1$OFF 000000           __CFG_EBTR2$OFF 000000  
         __CFG_EBTR3$OFF 000000            __CFG_WRTB$OFF 000000            __CFG_WRTC$OFF 000000  
          __CFG_WRTD$OFF 000000           __CFG_EBTRB$OFF 000000                    _delay 09AA  
                  tablat 000FF5                    status 000FD8           __CFG_PBADEN$ON 000000  
        __initialization 0A4C             __end_of_main 0798         __end_of_BusyXLCD 08F2  
           _Delay10KTCYx 0A24    __size_of_DelayPORXLCD 0010           ??_SetDDRamAddr 0003  
       __end_of_OpenXLCD 084E                   ??_main 0008            __activetblptr 000001  
          _WriteDataXLCD 08F2            _InitializeLCD 0A02           DelayFor18TCY@i 0001  
                 ?_delay 0001             _DelayPORXLCD 0A3C           __CFG_XINST$OFF 000000  
         ?_WriteDataXLCD 0001           ?_InitializeLCD 0001             __mediumconst 0000  
                 tblptrh 000FF7                   tblptrl 000FF6                   tblptru 000FF8  
       __end_of_putsXLCD 09AA               __accesstop 0080  __end_of__initialization 0A4C  
          ___rparam_used 000001           __pcstackCOMRAM 0001            __end_of_delay 09DC  
                ??_delay 0001   __size_of_DelayFor18TCY 0026                ?_BusyXLCD 0001  
        WriteCmdXLCD@cmd 0003     __end_of_SetDDRamAddr 08A2                ?_OpenXLCD 0001  
      WriteDataXLCD@data 0003          ??_WriteDataXLCD 0003          ??_InitializeLCD 0008  
             ??_BusyXLCD 0003               ??_OpenXLCD 0007                  __Hparam 0000  
                __Lparam 0000            _DelayFor18TCY 09DC                ?_putsXLCD 0004  
           __psmallconst 0600          __CFG_STVREN$OFF 000000                  __pcinit 0A4C  
                __ramtop 0600                  __ptext0 064A                  __ptext1 0972  
                __ptext2 08F2                  __ptext3 09AA                  __ptext4 0A02  
                __ptext5 0798                  __ptext6 0932                  __ptext7 084E  
                __ptext8 0A24                  __ptext9 08A2     end_of_initialization 0A4C  
         ?_DelayFor18TCY 0001               ??_putsXLCD 0006                _TRISCbits 000F94  
  __size_of_SetDDRamAddr 0054               main@select 0008             _SetDDRamAddr 084E  
     SetDDRamAddr@DDaddr 0006      start_initialization 0A4C        __size_of_BusyXLCD 0050  
        ??_DelayFor18TCY 0001        __size_of_OpenXLCD 00B6            ?_WriteCmdXLCD 0001  
       __CFG_LPT1OSC$OFF 000000           putsXLCD@buffer 0004        __CFG_CCP2MX$PORTC 000000  
         ??_WriteCmdXLCD 0003            ?_Delay10KTCYx 0001        __size_of_putsXLCD 0038  
  __end_of_WriteDataXLCD 0932              __smallconst 0600    __end_of_InitializeLCD 0A24  
         __size_of_delay 0032                 _LATCbits 000F8B            ?_DelayPORXLCD 0001  
        OpenXLCD@lcdtype 0007           ??_Delay10KTCYx 0001         Delay10KTCYx@unit 0002  
            _INTCON2bits 000FF1                 _BusyXLCD 08A2           ??_DelayPORXLCD 0001  
               _OpenXLCD 0798                 __Hrparam 0000                 __Lrparam 0000  
           __Lsmallconst 0600       __CFG_BOREN$SBORDIS 000000                 __ptext10 0A3C  
               __ptext11 09DC     __end_of_WriteCmdXLCD 0972            __size_of_main 014E  
               _putsXLCD 0972     __end_of_Delay10KTCYx 0A3C    __end_of_DelayFor18TCY 0A02  
   __end_of_DelayPORXLCD 0A4C  
